2018-04-09 14:33:12: 
> book-test@0.1.0 start /opt/app/book-client
> react-scripts start

2018-04-09 14:33:12: Listening on port 3001
2018-04-09 14:33:12: You are now connected...
2018-04-09 14:33:17: Starting the development server...

2018-04-09 14:33:21: Compiled with warnings.

2018-04-09 14:33:21: ./src/App.js
  Line 1:  'Component' is defined but never used  no-unused-vars

Search for the keywords to learn more about each warning.
To ignore, add // eslint-disable-next-line to the line before.

2018-04-09 14:33:35: Error: ER_BAD_NULL_ERROR: Column 'title' cannot be null
    at Query.Sequence._packetToError (/opt/app/node_modules/mysql/lib/protocol/sequences/Sequence.js:52:14)
    at Query.ErrorPacket (/opt/app/node_modules/mysql/lib/protocol/sequences/Query.js:77:18)
    at Protocol._parsePacket (/opt/app/node_modules/mysql/lib/protocol/Protocol.js:279:23)
    at Parser.write (/opt/app/node_modules/mysql/lib/protocol/Parser.js:76:12)
    at Protocol.write (/opt/app/node_modules/mysql/lib/protocol/Protocol.js:39:16)
    at Socket.<anonymous> (/opt/app/node_modules/mysql/lib/Connection.js:103:28)
    at Socket.emit (events.js:127:13)
    at Socket.emit (domain.js:421:20)
    at addChunk (_stream_readable.js:269:12)
    at readableAddChunk (_stream_readable.js:256:11)
    --------------------
    at Protocol._enqueue (/opt/app/node_modules/mysql/lib/protocol/Protocol.js:145:48)
    at Connection.query (/opt/app/node_modules/mysql/lib/Connection.js:208:25)
    at Book_Manager.create_book (/opt/app/index.js:75:21)
    at post_func (/opt/app/index.js:143:18)
    at Layer.handle [as handle_request] (/opt/app/node_modules/express/lib/router/layer.js:76:5)
    at next (/opt/app/node_modules/express/lib/router/route.js:100:13)
    at Route.dispatch (/opt/app/node_modules/express/lib/router/route.js:81:3)
    at Layer.handle [as handle_request] (/opt/app/node_modules/express/lib/router/layer.js:76:5)
    at /opt/app/node_modules/express/lib/router/index.js:227:24
    at Function.proto.process_params (/opt/app/node_modules/express/lib/router/index.js:305:12)
2018-04-09 14:33:55: Listening on port 3001
2018-04-09 14:33:55: You are now connected...
2018-04-09 14:34:18: 
> book-test@0.1.0 start /opt/app/book-client
> react-scripts start

2018-04-09 14:34:22: Starting the development server...

2018-04-09 14:34:27: Compiled with warnings.

2018-04-09 14:34:27: ./src/App.js
  Line 1:  'Component' is defined but never used  no-unused-vars
2018-04-09 14:34:27: 
Search for the keywords to learn more about each warning.
To ignore, add // eslint-disable-next-line to the line before.

2018-04-09 14:34:46: Book is added.
2018-04-09 14:39:27: Book is deleted.
2018-04-09 14:39:27: Book is deleted.
2018-04-09 14:39:28: Book is deleted.
2018-04-09 14:39:28: Book is deleted.
2018-04-09 16:27:31: Book is added.
2018-04-09 17:26:51: Listening on port 3001
2018-04-09 17:26:51: You are now connected...
2018-04-09 17:27:24: 
> book-test@0.1.0 start /opt/app/book-client
> react-scripts start

2018-04-09 17:27:35: [HPM] Proxy created: function (pathname) {
        return mayProxy(pathname) && pathname.match(context);
      }  ->  http://localhost:3001
2018-04-09 17:27:35: Starting the development server...

2018-04-09 17:27:47: Compiled with warnings.

2018-04-09 17:27:47: ./src/App.js
  Line 1:  'Component' is defined but never used  no-unused-vars

Search for the keywords to learn more about each warning.
To ignore, add // eslint-disable-next-line to the line before.

2018-04-09 17:28:02: Book is added.
2018-04-10 01:39:03: Error: Connection lost: The server closed the connection.
    at Protocol.end (/opt/app/node_modules/mysql/lib/protocol/Protocol.js:113:13)
    at Socket.<anonymous> (/opt/app/node_modules/mysql/lib/Connection.js:109:28)
    at Socket.emit (events.js:132:15)
    at Socket.emit (domain.js:421:20)
    at endReadableNT (_stream_readable.js:1101:12)
    at process._tickCallback (internal/process/next_tick.js:114:19)
